<?xml version="1.0" encoding="UTF-8"?>
<!-- Generated by org.testng.reporters.JUnitXMLReporter -->
<testsuite ignored="0" hostname="DESKTOP-SVHOJRM" failures="0" tests="5" name="Default test(failed)" time="13.042" errors="0" timestamp="2025-02-14T18:24:08 IST">
  <testcase classname="testcases.ProductDataDrivenTest" name="AddNewProduct" time="5.598"/>
  <testcase classname="testcases.ProductDataDrivenTest" name="AddNewProduct" time="1.366"/>
  <testcase classname="testcases.ProductDataDrivenTest" name="AddNewProduct" time="1.911"/>
  <testcase classname="testcases.ProductDataDrivenTest" name="AddNewProduct" time="1.389"/>
  <testcase classname="testcases.ProductDataDrivenTest" name="AddNewProduct" time="1.486"/>
</testsuite> <!-- Default test(failed) -->
