<?xml version="1.0" encoding="UTF-8"?>
<!-- Generated by org.testng.reporters.JUnitXMLReporter -->
<testsuite ignored="0" hostname="DESKTOP-SVHOJRM" failures="0" tests="10" name="API Tests" time="12.622" errors="0" timestamp="2025-02-14T18:05:05 IST">
  <testcase classname="testcases.ProductTests" name="testAddNewProduct" time="4.692"/>
  <testcase classname="testcases.ProductTests" name="testDeleteProduct" time="0.748"/>
  <testcase classname="testcases.ProductTests" name="testGetAllCategories" time="0.645"/>
  <testcase classname="testcases.ProductTests" name="testGetAllProducts" time="0.675"/>
  <testcase classname="testcases.ProductTests" name="testGetLimitedProducts" time="0.634"/>
  <testcase classname="testcases.ProductTests" name="testGetProductsByCategory" time="0.765"/>
  <testcase classname="testcases.ProductTests" name="testGetSingleProductById" time="0.662"/>
  <testcase classname="testcases.ProductTests" name="testGetSortedProducts" time="0.885"/>
  <testcase classname="testcases.ProductTests" name="testGetSortedProductsAsc" time="0.768"/>
  <testcase classname="testcases.ProductTests" name="testUpdateProduct" time="0.799"/>
</testsuite> <!-- API Tests -->
