<?xml version="1.0" encoding="UTF-8"?>
<!-- Generated by org.testng.reporters.JUnitXMLReporter -->
<testsuite ignored="0" hostname="DESKTOP-SVHOJRM" failures="0" tests="10" name="Product Tests" time="11.236" errors="0" timestamp="2025-02-23T16:18:04 IST">
  <testcase classname="testcases.ProductTests" name="testAddNewProduct" time="4.003"/>
  <testcase classname="testcases.ProductTests" name="testDeleteProduct" time="0.742"/>
  <testcase classname="testcases.ProductTests" name="testGetAllCategories" time="0.654"/>
  <testcase classname="testcases.ProductTests" name="testGetAllProducts" time="0.706"/>
  <testcase classname="testcases.ProductTests" name="testGetLimitedProducts" time="0.637"/>
  <testcase classname="testcases.ProductTests" name="testGetProductsByCategory" time="0.734"/>
  <testcase classname="testcases.ProductTests" name="testGetSingleProductById" time="0.598"/>
  <testcase classname="testcases.ProductTests" name="testGetSortedProducts" time="0.725"/>
  <testcase classname="testcases.ProductTests" name="testGetSortedProductsAsc" time="0.653"/>
  <testcase classname="testcases.ProductTests" name="testUpdateProduct" time="0.617"/>
</testsuite> <!-- Product Tests -->
