<?xml version="1.0" encoding="UTF-8"?>
<!-- Generated by org.testng.reporters.JUnitXMLReporter -->
<testsuite ignored="0" hostname="DESKTOP-SVHOJRM" failures="0" tests="3" name="Schema Tests" time="2.413" errors="0" timestamp="2025-02-23T16:18:21 IST">
  <testcase classname="testcases.SchemaTests" name="testCartSchema" time="1.135"/>
  <testcase classname="testcases.SchemaTests" name="testProductSchema" time="0.565"/>
  <testcase classname="testcases.SchemaTests" name="testUserSchema" time="0.704"/>
</testsuite> <!-- Schema Tests -->
