<?xml version="1.0" encoding="UTF-8"?>
<!-- Generated by org.testng.reporters.JUnitXMLReporter -->
<testsuite ignored="0" hostname="DESKTOP-SVHOJRM" failures="0" tests="8" name="User Tests" time="5.758" errors="0" timestamp="2025-02-23T16:18:10 IST">
  <testcase classname="testcases.UserTests" name="testCreateUser" time="0.903"/>
  <testcase classname="testcases.UserTests" name="testDeleteUser" time="0.589"/>
  <testcase classname="testcases.UserTests" name="testGetAllUsers" time="0.74"/>
  <testcase classname="testcases.UserTests" name="testGetUserById" time="0.697"/>
  <testcase classname="testcases.UserTests" name="testGetUsersSorted" time="0.737"/>
  <testcase classname="testcases.UserTests" name="testGetUsersSortedAsc" time="0.72"/>
  <testcase classname="testcases.UserTests" name="testGetUsersWithLimit" time="0.704"/>
  <testcase classname="testcases.UserTests" name="testUpdateUser" time="0.615"/>
</testsuite> <!-- User Tests -->
