<?xml version="1.0" encoding="UTF-8"?>
<testng-results ignored="0" total="33" passed="33" failed="0" skipped="0">
  <reporter-output>
  </reporter-output>
  <suite started-at="2025-02-23T16:17:53 IST" name="API TestSuite" finished-at="2025-02-23T16:18:21 IST" duration-ms="28639">
    <groups>
    </groups>
    <test started-at="2025-02-23T16:17:53 IST" name="Product Tests" finished-at="2025-02-23T16:18:04 IST" duration-ms="11236">
      <class name="testcases.ProductTests">
        <test-method is-config="true" signature="setup()[pri:0, instance:testcases.ProductTests@14fc1f0]" started-at="2025-02-23T16:17:53 IST" name="setup" finished-at="2025-02-23T16:17:54 IST" duration-ms="563" status="PASS">
          <reporter-output>
          </reporter-output>
        </test-method> <!-- setup -->
        <test-method signature="testAddNewProduct()[pri:0, instance:testcases.ProductTests@14fc1f0]" started-at="2025-02-23T16:17:54 IST" name="testAddNewProduct" finished-at="2025-02-23T16:17:58 IST" duration-ms="4003" status="PASS">
          <reporter-output>
          </reporter-output>
        </test-method> <!-- testAddNewProduct -->
        <test-method signature="testDeleteProduct()[pri:0, instance:testcases.ProductTests@14fc1f0]" started-at="2025-02-23T16:17:58 IST" name="testDeleteProduct" finished-at="2025-02-23T16:17:59 IST" duration-ms="742" status="PASS">
          <reporter-output>
          </reporter-output>
        </test-method> <!-- testDeleteProduct -->
        <test-method signature="testGetAllCategories()[pri:0, instance:testcases.ProductTests@14fc1f0]" started-at="2025-02-23T16:17:59 IST" name="testGetAllCategories" finished-at="2025-02-23T16:17:59 IST" duration-ms="654" status="PASS">
          <reporter-output>
          </reporter-output>
        </test-method> <!-- testGetAllCategories -->
        <test-method signature="testGetAllProducts()[pri:0, instance:testcases.ProductTests@14fc1f0]" started-at="2025-02-23T16:17:59 IST" name="testGetAllProducts" finished-at="2025-02-23T16:18:00 IST" duration-ms="706" status="PASS">
          <reporter-output>
          </reporter-output>
        </test-method> <!-- testGetAllProducts -->
        <test-method signature="testGetLimitedProducts()[pri:0, instance:testcases.ProductTests@14fc1f0]" started-at="2025-02-23T16:18:00 IST" name="testGetLimitedProducts" finished-at="2025-02-23T16:18:01 IST" duration-ms="637" status="PASS">
          <reporter-output>
          </reporter-output>
        </test-method> <!-- testGetLimitedProducts -->
        <test-method signature="testGetProductsByCategory()[pri:0, instance:testcases.ProductTests@14fc1f0]" started-at="2025-02-23T16:18:01 IST" name="testGetProductsByCategory" finished-at="2025-02-23T16:18:01 IST" duration-ms="734" status="PASS">
          <reporter-output>
          </reporter-output>
        </test-method> <!-- testGetProductsByCategory -->
        <test-method signature="testGetSingleProductById()[pri:0, instance:testcases.ProductTests@14fc1f0]" started-at="2025-02-23T16:18:01 IST" name="testGetSingleProductById" finished-at="2025-02-23T16:18:02 IST" duration-ms="598" status="PASS">
          <reporter-output>
          </reporter-output>
        </test-method> <!-- testGetSingleProductById -->
        <test-method signature="testGetSortedProducts()[pri:0, instance:testcases.ProductTests@14fc1f0]" started-at="2025-02-23T16:18:02 IST" name="testGetSortedProducts" finished-at="2025-02-23T16:18:03 IST" duration-ms="725" status="PASS">
          <reporter-output>
          </reporter-output>
        </test-method> <!-- testGetSortedProducts -->
        <test-method signature="testGetSortedProductsAsc()[pri:0, instance:testcases.ProductTests@14fc1f0]" started-at="2025-02-23T16:18:03 IST" name="testGetSortedProductsAsc" finished-at="2025-02-23T16:18:03 IST" duration-ms="653" status="PASS">
          <reporter-output>
          </reporter-output>
        </test-method> <!-- testGetSortedProductsAsc -->
        <test-method signature="testUpdateProduct()[pri:0, instance:testcases.ProductTests@14fc1f0]" started-at="2025-02-23T16:18:03 IST" name="testUpdateProduct" finished-at="2025-02-23T16:18:04 IST" duration-ms="617" status="PASS">
          <reporter-output>
          </reporter-output>
        </test-method> <!-- testUpdateProduct -->
      </class> <!-- testcases.ProductTests -->
    </test> <!-- Product Tests -->
    <test started-at="2025-02-23T16:18:04 IST" name="User Tests" finished-at="2025-02-23T16:18:10 IST" duration-ms="5758">
      <class name="testcases.UserTests">
        <test-method is-config="true" signature="setup()[pri:0, instance:testcases.UserTests@77102b91]" started-at="2025-02-23T16:18:04 IST" name="setup" finished-at="2025-02-23T16:18:04 IST" duration-ms="1" status="PASS">
          <reporter-output>
          </reporter-output>
        </test-method> <!-- setup -->
        <test-method signature="testCreateUser()[pri:0, instance:testcases.UserTests@77102b91]" started-at="2025-02-23T16:18:04 IST" name="testCreateUser" finished-at="2025-02-23T16:18:05 IST" duration-ms="903" status="PASS">
          <reporter-output>
          </reporter-output>
        </test-method> <!-- testCreateUser -->
        <test-method signature="testDeleteUser()[pri:0, instance:testcases.UserTests@77102b91]" started-at="2025-02-23T16:18:05 IST" name="testDeleteUser" finished-at="2025-02-23T16:18:06 IST" duration-ms="589" status="PASS">
          <reporter-output>
          </reporter-output>
        </test-method> <!-- testDeleteUser -->
        <test-method signature="testGetAllUsers()[pri:0, instance:testcases.UserTests@77102b91]" started-at="2025-02-23T16:18:06 IST" name="testGetAllUsers" finished-at="2025-02-23T16:18:07 IST" duration-ms="740" status="PASS">
          <reporter-output>
          </reporter-output>
        </test-method> <!-- testGetAllUsers -->
        <test-method signature="testGetUserById()[pri:0, instance:testcases.UserTests@77102b91]" started-at="2025-02-23T16:18:07 IST" name="testGetUserById" finished-at="2025-02-23T16:18:07 IST" duration-ms="697" status="PASS">
          <reporter-output>
          </reporter-output>
        </test-method> <!-- testGetUserById -->
        <test-method signature="testGetUsersSorted()[pri:0, instance:testcases.UserTests@77102b91]" started-at="2025-02-23T16:18:07 IST" name="testGetUsersSorted" finished-at="2025-02-23T16:18:08 IST" duration-ms="737" status="PASS">
          <reporter-output>
          </reporter-output>
        </test-method> <!-- testGetUsersSorted -->
        <test-method signature="testGetUsersSortedAsc()[pri:0, instance:testcases.UserTests@77102b91]" started-at="2025-02-23T16:18:08 IST" name="testGetUsersSortedAsc" finished-at="2025-02-23T16:18:09 IST" duration-ms="720" status="PASS">
          <reporter-output>
          </reporter-output>
        </test-method> <!-- testGetUsersSortedAsc -->
        <test-method signature="testGetUsersWithLimit()[pri:0, instance:testcases.UserTests@77102b91]" started-at="2025-02-23T16:18:09 IST" name="testGetUsersWithLimit" finished-at="2025-02-23T16:18:10 IST" duration-ms="704" status="PASS">
          <reporter-output>
          </reporter-output>
        </test-method> <!-- testGetUsersWithLimit -->
        <test-method signature="testUpdateUser()[pri:0, instance:testcases.UserTests@77102b91]" started-at="2025-02-23T16:18:10 IST" name="testUpdateUser" finished-at="2025-02-23T16:18:10 IST" duration-ms="615" status="PASS">
          <reporter-output>
          </reporter-output>
        </test-method> <!-- testUpdateUser -->
      </class> <!-- testcases.UserTests -->
    </test> <!-- User Tests -->
    <test started-at="2025-02-23T16:18:10 IST" name="Cart Tests" finished-at="2025-02-23T16:18:17 IST" duration-ms="7061">
      <class name="testcases.CartTests">
        <test-method is-config="true" signature="setup()[pri:0, instance:testcases.CartTests@d62fe5b]" started-at="2025-02-23T16:18:10 IST" name="setup" finished-at="2025-02-23T16:18:10 IST" duration-ms="1" status="PASS">
          <reporter-output>
          </reporter-output>
        </test-method> <!-- setup -->
        <test-method signature="testCreateCart()[pri:0, instance:testcases.CartTests@d62fe5b]" started-at="2025-02-23T16:18:10 IST" name="testCreateCart" finished-at="2025-02-23T16:18:11 IST" duration-ms="725" status="PASS">
          <reporter-output>
          </reporter-output>
        </test-method> <!-- testCreateCart -->
        <test-method signature="testDeleteCart()[pri:0, instance:testcases.CartTests@d62fe5b]" started-at="2025-02-23T16:18:11 IST" name="testDeleteCart" finished-at="2025-02-23T16:18:12 IST" duration-ms="680" status="PASS">
          <reporter-output>
          </reporter-output>
        </test-method> <!-- testDeleteCart -->
        <test-method signature="testGetAllCarts()[pri:0, instance:testcases.CartTests@d62fe5b]" started-at="2025-02-23T16:18:12 IST" name="testGetAllCarts" finished-at="2025-02-23T16:18:12 IST" duration-ms="708" status="PASS">
          <reporter-output>
          </reporter-output>
        </test-method> <!-- testGetAllCarts -->
        <test-method signature="testGetCartById()[pri:0, instance:testcases.CartTests@d62fe5b]" started-at="2025-02-23T16:18:12 IST" name="testGetCartById" finished-at="2025-02-23T16:18:13 IST" duration-ms="681" status="PASS">
          <reporter-output>
          </reporter-output>
        </test-method> <!-- testGetCartById -->
        <test-method signature="testGetCartsByDateRange()[pri:0, instance:testcases.CartTests@d62fe5b]" started-at="2025-02-23T16:18:13 IST" name="testGetCartsByDateRange" finished-at="2025-02-23T16:18:14 IST" duration-ms="747" status="PASS">
          <reporter-output>
          </reporter-output>
        </test-method> <!-- testGetCartsByDateRange -->
        <test-method signature="testGetCartsSorted()[pri:0, instance:testcases.CartTests@d62fe5b]" started-at="2025-02-23T16:18:14 IST" name="testGetCartsSorted" finished-at="2025-02-23T16:18:15 IST" duration-ms="730" status="PASS">
          <reporter-output>
          </reporter-output>
        </test-method> <!-- testGetCartsSorted -->
        <test-method signature="testGetCartsSortedAsc()[pri:0, instance:testcases.CartTests@d62fe5b]" started-at="2025-02-23T16:18:15 IST" name="testGetCartsSortedAsc" finished-at="2025-02-23T16:18:15 IST" duration-ms="690" status="PASS">
          <reporter-output>
          </reporter-output>
        </test-method> <!-- testGetCartsSortedAsc -->
        <test-method signature="testGetCartsWithLimit()[pri:0, instance:testcases.CartTests@d62fe5b]" started-at="2025-02-23T16:18:15 IST" name="testGetCartsWithLimit" finished-at="2025-02-23T16:18:16 IST" duration-ms="682" status="PASS">
          <reporter-output>
          </reporter-output>
        </test-method> <!-- testGetCartsWithLimit -->
        <test-method signature="testGetUserCart()[pri:0, instance:testcases.CartTests@d62fe5b]" started-at="2025-02-23T16:18:16 IST" name="testGetUserCart" finished-at="2025-02-23T16:18:17 IST" duration-ms="714" status="PASS">
          <reporter-output>
          </reporter-output>
        </test-method> <!-- testGetUserCart -->
        <test-method signature="testUpdateCart()[pri:0, instance:testcases.CartTests@d62fe5b]" started-at="2025-02-23T16:18:17 IST" name="testUpdateCart" finished-at="2025-02-23T16:18:17 IST" duration-ms="664" status="PASS">
          <reporter-output>
          </reporter-output>
        </test-method> <!-- testUpdateCart -->
      </class> <!-- testcases.CartTests -->
    </test> <!-- Cart Tests -->
    <test started-at="2025-02-23T16:18:17 IST" name="Auth Tests" finished-at="2025-02-23T16:18:19 IST" duration-ms="1552">
      <class name="testcases.LoginTests">
        <test-method is-config="true" signature="setup()[pri:0, instance:testcases.LoginTests@2b76ff4e]" started-at="2025-02-23T16:18:17 IST" name="setup" finished-at="2025-02-23T16:18:17 IST" duration-ms="1" status="PASS">
          <reporter-output>
          </reporter-output>
        </test-method> <!-- setup -->
        <test-method signature="testInvalidUserLogin()[pri:0, instance:testcases.LoginTests@2b76ff4e]" started-at="2025-02-23T16:18:17 IST" name="testInvalidUserLogin" finished-at="2025-02-23T16:18:18 IST" duration-ms="837" status="PASS">
          <reporter-output>
          </reporter-output>
        </test-method> <!-- testInvalidUserLogin -->
        <test-method signature="testValidUserLogin()[pri:0, instance:testcases.LoginTests@2b76ff4e]" started-at="2025-02-23T16:18:18 IST" name="testValidUserLogin" finished-at="2025-02-23T16:18:19 IST" duration-ms="707" status="PASS">
          <reporter-output>
          </reporter-output>
        </test-method> <!-- testValidUserLogin -->
      </class> <!-- testcases.LoginTests -->
    </test> <!-- Auth Tests -->
    <test started-at="2025-02-23T16:18:19 IST" name="Schema Tests" finished-at="2025-02-23T16:18:21 IST" duration-ms="2413">
      <class name="testcases.SchemaTests">
        <test-method is-config="true" signature="setup()[pri:0, instance:testcases.SchemaTests@554e218]" started-at="2025-02-23T16:18:19 IST" name="setup" finished-at="2025-02-23T16:18:19 IST" duration-ms="1" status="PASS">
          <reporter-output>
          </reporter-output>
        </test-method> <!-- setup -->
        <test-method signature="testCartSchema()[pri:0, instance:testcases.SchemaTests@554e218]" started-at="2025-02-23T16:18:19 IST" name="testCartSchema" finished-at="2025-02-23T16:18:20 IST" duration-ms="1135" status="PASS">
          <reporter-output>
          </reporter-output>
        </test-method> <!-- testCartSchema -->
        <test-method signature="testProductSchema()[pri:0, instance:testcases.SchemaTests@554e218]" started-at="2025-02-23T16:18:20 IST" name="testProductSchema" finished-at="2025-02-23T16:18:21 IST" duration-ms="565" status="PASS">
          <reporter-output>
          </reporter-output>
        </test-method> <!-- testProductSchema -->
        <test-method signature="testUserSchema()[pri:0, instance:testcases.SchemaTests@554e218]" started-at="2025-02-23T16:18:21 IST" name="testUserSchema" finished-at="2025-02-23T16:18:21 IST" duration-ms="704" status="PASS">
          <reporter-output>
          </reporter-output>
        </test-method> <!-- testUserSchema -->
      </class> <!-- testcases.SchemaTests -->
    </test> <!-- Schema Tests -->
  </suite> <!-- API TestSuite -->
</testng-results>
